<?xml version="1.0" encoding="UTF-8"?>
<!-- Generated by org.testng.reporters.JUnitReportReporter -->
<testsuite skipped="0" hostname="GGKU4SYS199" name="com.ggk.orangehrm.AddUser" tests="1" failures="0" timestamp="09 Jul 2019 10:13:39 GMT" time="16.809" errors="0">
  <testcase name="add" time="16.809" classname="com.ggk.orangehrm.AddUser"/>
</testsuite> <!-- com.ggk.orangehrm.AddUser -->
