<?xml version="1.0" encoding="UTF-8"?>
<!-- Generated by org.testng.reporters.JUnitReportReporter -->
<testsuite skipped="0" hostname="GGKU4SYS199" name="com.ggk.orangehrm.AddVerifyDeleteUser" tests="1" failures="0" timestamp="12 Jul 2019 07:59:04 GMT" time="82.365" errors="0">
  <testcase name="addVerifyDelete" time="82.365" classname="com.ggk.orangehrm.AddVerifyDeleteUser"/>
</testsuite> <!-- com.ggk.orangehrm.AddVerifyDeleteUser -->
